<?xml version="1.0" encoding="UTF-8"?>
<testng-results ignored="0" total="1" passed="1" failed="0" skipped="0">
  <reporter-output>
  </reporter-output>
  <suite started-at="2023-12-08T14:58:08 IST" name="Default suite" finished-at="2023-12-08T14:58:12 IST" duration-ms="3754">
    <groups>
    </groups>
    <test started-at="2023-12-08T14:58:08 IST" name="Default test" finished-at="2023-12-08T14:58:12 IST" duration-ms="3754">
      <class name="pojoClasses.AddplaceWithpojoclasses">
        <test-method signature="testCase1()[pri:0, instance:pojoClasses.AddplaceWithpojoclasses@1e04fa0a]" started-at="2023-12-08T14:58:08 IST" name="testCase1" finished-at="2023-12-08T14:58:12 IST" duration-ms="3679" status="PASS">
          <reporter-output>
          </reporter-output>
        </test-method> <!-- testCase1 -->
      </class> <!-- pojoClasses.AddplaceWithpojoclasses -->
    </test> <!-- Default test -->
  </suite> <!-- Default suite -->
</testng-results>
